#
# There is insufficient memory for the Java Runtime Environment to continue.
# Native memory allocation (malloc) failed to allocate 32744 bytes for ChunkPool::allocate
# Possible reasons:
#   The system is out of physical RAM or swap space
#   The process is running with CompressedOops enabled, and the Java Heap may be blocking the growth of the native heap
# Possible solutions:
#   Reduce memory load on the system
#   Increase physical memory or swap space
#   Check if swap backing store is full
#   Decrease Java heap size (-Xmx/-Xms)
#   Decrease number of Java threads
#   Decrease Java thread stack sizes (-Xss)
#   Set larger code cache with -XX:ReservedCodeCacheSize=
#   JVM is running with Unscaled Compressed Oops mode in which the Java heap is
#     placed in the first 4GB address space. The Java Heap base address is the
#     maximum limit for the native heap growth. Please use -XX:HeapBaseMinAddress
#     to set the Java Heap base and to place the Java Heap above 4GB virtual address.
# This output file may be truncated or incomplete.
#
#  Out of Memory Error (./src/hotspot/share/memory/arena.cpp:81), pid=37648, tid=39260
#
# JRE version: OpenJDK Runtime Environment (11.0.11+9) (build 11.0.11+9-b60-7590822)
# Java VM: OpenJDK 64-Bit Server VM (11.0.11+9-b60-7590822, mixed mode, tiered, compressed oops, g1 gc, windows-amd64)
# No core dump will be written. Minidumps are not enabled by default on client versions of Windows
#

---------------  S U M M A R Y ------------

Command Line: --add-opens=java.base/java.util=ALL-UNNAMED --add-opens=java.base/java.lang=ALL-UNNAMED --add-opens=java.base/java.lang.invoke=ALL-UNNAMED --add-opens=java.base/java.util=ALL-UNNAMED --add-opens=java.prefs/java.util.prefs=ALL-UNNAMED --add-opens=java.prefs/java.util.prefs=ALL-UNNAMED --add-opens=java.base/java.nio.charset=ALL-UNNAMED --add-opens=java.base/java.net=ALL-UNNAMED --add-opens=java.base/java.util.concurrent.atomic=ALL-UNNAMED -Xmx2048m -Dfile.encoding=UTF-8 -Duser.country=KR -Duser.language=ko -Duser.variant org.gradle.launcher.daemon.bootstrap.GradleDaemon 7.2

Host: Intel(R) Core(TM) i7-9700 CPU @ 3.00GHz, 8 cores, 15G,  Windows 10 , 64 bit Build 19041 (10.0.19041.1706)
Time: Sat Jun  4 16:44:15 2022 대한민국 표준시 elapsed time: 5.982735 seconds (0d 0h 0m 5s)

---------------  T H R E A D  ---------------

Current thread (0x00000170c409d000):  JavaThread "C2 CompilerThread0" daemon [_thread_in_native, id=39260, stack(0x00000009c4200000,0x00000009c4300000)]


Current CompileTask:
C2:   5982 2280   !   4       java.net.URL::<init> (543 bytes)

Stack: [0x00000009c4200000,0x00000009c4300000]
Native frames: (J=compiled Java code, j=interpreted, Vv=VM code, C=native code)
V  [jvm.dll+0x5f214a]
V  [jvm.dll+0x726fb5]
V  [jvm.dll+0x7285cd]
V  [jvm.dll+0x728c83]
V  [jvm.dll+0x243278]
V  [jvm.dll+0xbc78b]
V  [jvm.dll+0xbca3c]
V  [jvm.dll+0x5d0465]
V  [jvm.dll+0x333950]
V  [jvm.dll+0x33b062]
V  [jvm.dll+0x609f2d]
V  [jvm.dll+0x6068f9]
V  [jvm.dll+0x6071c2]
V  [jvm.dll+0x606823]
V  [jvm.dll+0x604872]
V  [jvm.dll+0x1865ac]
V  [jvm.dll+0x2b4d13]
V  [jvm.dll+0x60f2b9]
V  [jvm.dll+0x6071ba]
V  [jvm.dll+0x606823]
V  [jvm.dll+0x604872]
V  [jvm.dll+0x1865ac]
V  [jvm.dll+0x1872f9]
V  [jvm.dll+0x2b4d13]
V  [jvm.dll+0x60f2b9]
V  [jvm.dll+0x6071ba]
V  [jvm.dll+0x606823]
V  [jvm.dll+0x604872]
V  [jvm.dll+0x1865ac]
V  [jvm.dll+0x1fb0f5]
V  [jvm.dll+0x183d6c]
V  [jvm.dll+0x209a57]
V  [jvm.dll+0x2082a1]
V  [jvm.dll+0x6ef58f]
V  [jvm.dll+0x6e80b5]
V  [jvm.dll+0x5f1036]
C  [ucrtbase.dll+0x21bb2]
C  [KERNEL32.DLL+0x17034]
C  [ntdll.dll+0x52651]


---------------  P R O C E S S  ---------------

Threads class SMR info:
_java_thread_list=0x00000170c4f03b10, length=28, elements={
0x00000170a8bcc800, 0x00000170c4018800, 0x00000170c4024000, 0x00000170c4098800,
0x00000170c4099000, 0x00000170c409a000, 0x00000170c409d000, 0x00000170c40a0000,
0x00000170c40a3000, 0x00000170c421a000, 0x00000170c5bbb800, 0x00000170c7b4e000,
0x00000170c66e8000, 0x00000170c7ac9000, 0x00000170c5416800, 0x00000170c5849800,
0x00000170c673d000, 0x00000170c7980000, 0x00000170c7119000, 0x00000170c7113800,
0x00000170c711a000, 0x00000170c7117800, 0x00000170c7114000, 0x00000170c7116000,
0x00000170c7116800, 0x00000170c7115000, 0x00000170c7118000, 0x00000170c6389800
}

Java Threads: ( => current thread )
  0x00000170a8bcc800 JavaThread "main" [_thread_blocked, id=8940, stack(0x00000009c3600000,0x00000009c3700000)]
  0x00000170c4018800 JavaThread "Reference Handler" daemon [_thread_blocked, id=6528, stack(0x00000009c3d00000,0x00000009c3e00000)]
  0x00000170c4024000 JavaThread "Finalizer" daemon [_thread_blocked, id=24912, stack(0x00000009c3e00000,0x00000009c3f00000)]
  0x00000170c4098800 JavaThread "Signal Dispatcher" daemon [_thread_blocked, id=39100, stack(0x00000009c3f00000,0x00000009c4000000)]
  0x00000170c4099000 JavaThread "Attach Listener" daemon [_thread_blocked, id=24888, stack(0x00000009c4000000,0x00000009c4100000)]
  0x00000170c409a000 JavaThread "Service Thread" daemon [_thread_blocked, id=2780, stack(0x00000009c4100000,0x00000009c4200000)]
=>0x00000170c409d000 JavaThread "C2 CompilerThread0" daemon [_thread_in_native, id=39260, stack(0x00000009c4200000,0x00000009c4300000)]
  0x00000170c40a0000 JavaThread "C1 CompilerThread0" daemon [_thread_blocked, id=39208, stack(0x00000009c4300000,0x00000009c4400000)]
  0x00000170c40a3000 JavaThread "Sweeper thread" daemon [_thread_blocked, id=38180, stack(0x00000009c4400000,0x00000009c4500000)]
  0x00000170c421a000 JavaThread "Common-Cleaner" daemon [_thread_blocked, id=9624, stack(0x00000009c4500000,0x00000009c4600000)]
  0x00000170c5bbb800 JavaThread "Daemon health stats" [_thread_blocked, id=34608, stack(0x00000009c4e00000,0x00000009c4f00000)]
  0x00000170c7b4e000 JavaThread "Incoming local TCP Connector on port 64536" [_thread_in_native, id=10936, stack(0x00000009c5000000,0x00000009c5100000)]
  0x00000170c66e8000 JavaThread "Daemon periodic checks" [_thread_blocked, id=33996, stack(0x00000009c5100000,0x00000009c5200000)]
  0x00000170c7ac9000 JavaThread "Daemon" [_thread_blocked, id=18916, stack(0x00000009c5200000,0x00000009c5300000)]
  0x00000170c5416800 JavaThread "Handler for socket connection from /127.0.0.1:64536 to /127.0.0.1:64537" [_thread_in_native, id=38716, stack(0x00000009c5300000,0x00000009c5400000)]
  0x00000170c5849800 JavaThread "Cancel handler" [_thread_blocked, id=37280, stack(0x00000009c5400000,0x00000009c5500000)]
  0x00000170c673d000 JavaThread "Daemon worker" [_thread_in_vm, id=14768, stack(0x00000009c5500000,0x00000009c5600000)]
  0x00000170c7980000 JavaThread "Asynchronous log dispatcher for DefaultDaemonConnection: socket connection from /127.0.0.1:64536 to /127.0.0.1:64537" [_thread_blocked, id=37832, stack(0x00000009c5600000,0x00000009c5700000)]
  0x00000170c7119000 JavaThread "Stdin handler" [_thread_blocked, id=38360, stack(0x00000009c5700000,0x00000009c5800000)]
  0x00000170c7113800 JavaThread "Daemon client event forwarder" [_thread_blocked, id=38004, stack(0x00000009c5800000,0x00000009c5900000)]
  0x00000170c711a000 JavaThread "Cache worker for journal cache (C:\Users\smhrd\.gradle\caches\journal-1)" [_thread_blocked, id=25956, stack(0x00000009c4700000,0x00000009c4800000)]
  0x00000170c7117800 JavaThread "File lock request listener" [_thread_in_native, id=38524, stack(0x00000009c4d00000,0x00000009c4e00000)]
  0x00000170c7114000 JavaThread "Cache worker for file hash cache (C:\Users\smhrd\.gradle\caches\7.2\fileHashes)" [_thread_blocked, id=20836, stack(0x00000009c5900000,0x00000009c5a00000)]
  0x00000170c7116000 JavaThread "Cache worker for file hash cache (C:\Users\smhrd\AndroidStudioProjects\echozone_project1\.gradle\7.2\fileHashes)" [_thread_blocked, id=23832, stack(0x00000009c5e00000,0x00000009c5f00000)]
  0x00000170c7116800 JavaThread "File watcher server" daemon [_thread_in_native, id=35452, stack(0x00000009c5d00000,0x00000009c5e00000)]
  0x00000170c7115000 JavaThread "File watcher consumer" daemon [_thread_blocked, id=336, stack(0x00000009c5f00000,0x00000009c6000000)]
  0x00000170c7118000 JavaThread "Cache worker for checksums cache (C:\Users\smhrd\AndroidStudioProjects\echozone_project1\.gradle\checksums)" [_thread_blocked, id=30468, stack(0x00000009c6000000,0x00000009c6100000)]
  0x00000170c6389800 JavaThread "Cache worker for cache directory md-supplier (C:\Users\smhrd\.gradle\caches\7.2\md-supplier)" [_thread_blocked, id=35964, stack(0x00000009c6100000,0x00000009c6200000)]

Other Threads:
  0x00000170c4016800 VMThread "VM Thread" [stack: 0x00000009c3c00000,0x00000009c3d00000] [id=9540]
  0x00000170c423b000 WatcherThread [stack: 0x00000009c4600000,0x00000009c4700000] [id=20872]
  0x00000170a8be4800 GCTaskThread "GC Thread#0" [stack: 0x00000009c3700000,0x00000009c3800000] [id=34256]
  0x00000170c4e51800 GCTaskThread "GC Thread#1" [stack: 0x00000009c4800000,0x00000009c4900000] [id=37184]
  0x00000170c4be2000 GCTaskThread "GC Thread#2" [stack: 0x00000009c4900000,0x00000009c4a00000] [id=1440]
  0x00000170c4be3000 GCTaskThread "GC Thread#3" [stack: 0x00000009c4a00000,0x00000009c4b00000] [id=38116]
  0x00000170c4ba1000 GCTaskThread "GC Thread#4" [stack: 0x00000009c4b00000,0x00000009c4c00000] [id=29632]
  0x00000170c4ba2000 GCTaskThread "GC Thread#5" [stack: 0x00000009c4c00000,0x00000009c4d00000] [id=26344]
  0x00000170c5bee000 GCTaskThread "GC Thread#6" [stack: 0x00000009c5a00000,0x00000009c5b00000] [id=30844]
  0x00000170c5bef000 GCTaskThread "GC Thread#7" [stack: 0x00000009c5b00000,0x00000009c5c00000] [id=32568]
  0x00000170a8c18000 ConcurrentGCThread "G1 Main Marker" [stack: 0x00000009c3800000,0x00000009c3900000] [id=21660]
  0x00000170a8c19000 ConcurrentGCThread "G1 Conc#0" [stack: 0x00000009c3900000,0x00000009c3a00000] [id=32772]
  0x00000170c5adb800 ConcurrentGCThread "G1 Conc#1" [stack: 0x00000009c5c00000,0x00000009c5d00000] [id=17796]
  0x00000170a8cae000 ConcurrentGCThread "G1 Refine#0" [stack: 0x00000009c3a00000,0x00000009c3b00000] [id=13300]
  0x00000170c7137000 ConcurrentGCThread "G1 Refine#1" [stack: 0x00000009c4f00000,0x00000009c5000000] [id=27612]
  0x00000170c3665800 ConcurrentGCThread "G1 Young RemSet Sampling" [stack: 0x00000009c3b00000,0x00000009c3c00000] [id=14384]

Threads with active compile tasks:
C2 CompilerThread0   6224 2280   !   4       java.net.URL::<init> (543 bytes)

VM state:not at safepoint (normal execution)

VM Mutex/Monitor currently owned by a thread: None

Heap address: 0x0000000080000000, size: 2048 MB, Compressed Oops mode: 32-bit
Narrow klass base: 0x0000000000000000, Narrow klass shift: 3
Compressed class space size: 1073741824 Address: 0x0000000100000000

Heap:
 garbage-first heap   total 260096K, used 22094K [0x0000000080000000, 0x0000000100000000)
  region size 1024K, 8 young (8192K), 5 survivors (5120K)
 Metaspace       used 27792K, capacity 28400K, committed 28464K, reserved 1073152K
  class space    used 3678K, capacity 3905K, committed 3968K, reserved 1048576K
Heap Regions: E=young(eden), S=young(survivor), O=old, HS=humongous(starts), HC=humongous(continues), CS=collection set, F=free, A=archive, TAMS=top-at-mark-start (previous, next)
|   0|0x0000000080000000, 0x0000000080100000, 0x0000000080100000|100%| O|  |TAMS 0x0000000080100000, 0x0000000080000000| Untracked 
|   1|0x0000000080100000, 0x0000000080200000, 0x0000000080200000|100%| O|  |TAMS 0x0000000080200000, 0x0000000080100000| Untracked 
|   2|0x0000000080200000, 0x0000000080300000, 0x0000000080300000|100%| O|  |TAMS 0x0000000080300000, 0x0000000080200000| Untracked 
|   3|0x0000000080300000, 0x0000000080400000, 0x0000000080400000|100%|HS|  |TAMS 0x0000000080400000, 0x0000000080300000| Complete 
|   4|0x0000000080400000, 0x0000000080500000, 0x0000000080500000|100%|HC|  |TAMS 0x0000000080500000, 0x0000000080400000| Complete 
|   5|0x0000000080500000, 0x0000000080600000, 0x0000000080600000|100%|HC|  |TAMS 0x0000000080600000, 0x0000000080500000| Complete 
|   6|0x0000000080600000, 0x0000000080700000, 0x0000000080700000|100%| O|  |TAMS 0x0000000080700000, 0x0000000080600000| Untracked 
|   7|0x0000000080700000, 0x0000000080800000, 0x0000000080800000|100%| O|  |TAMS 0x0000000080800000, 0x0000000080700000| Untracked 
|   8|0x0000000080800000, 0x0000000080900000, 0x0000000080900000|100%| O|  |TAMS 0x0000000080900000, 0x0000000080800000| Untracked 
|   9|0x0000000080900000, 0x0000000080a00000, 0x0000000080a00000|100%| O|  |TAMS 0x0000000080a00000, 0x0000000080900000| Untracked 
|  10|0x0000000080a00000, 0x0000000080b00000, 0x0000000080b00000|100%| O|  |TAMS 0x0000000080b00000, 0x0000000080a00000| Untracked 
|  11|0x0000000080b00000, 0x0000000080c00000, 0x0000000080c00000|100%| O|  |TAMS 0x0000000080c00000, 0x0000000080b00000| Untracked 
|  12|0x0000000080c00000, 0x0000000080d00000, 0x0000000080d00000|100%| O|  |TAMS 0x0000000080d00000, 0x0000000080c00000| Untracked 
|  13|0x0000000080d00000, 0x0000000080e00000, 0x0000000080e00000|100%| O|  |TAMS 0x0000000080e00000, 0x0000000080d00000| Untracked 
|  14|0x0000000080e00000, 0x0000000080f00000, 0x0000000080f00000|100%| O|  |TAMS 0x0000000080f00000, 0x0000000080e00000| Untracked 
|  15|0x0000000080f00000, 0x0000000080f26200, 0x0000000081000000| 14%| O|  |TAMS 0x0000000080f26200, 0x0000000080f00000| Untracked 
|  16|0x0000000081000000, 0x0000000081000000, 0x0000000081100000|  0%| F|  |TAMS 0x0000000081000000, 0x0000000081000000| Untracked 
|  17|0x0000000081100000, 0x0000000081100000, 0x0000000081200000|  0%| F|  |TAMS 0x0000000081100000, 0x0000000081100000| Untracked 
|  18|0x0000000081200000, 0x0000000081200000, 0x0000000081300000|  0%| F|  |TAMS 0x0000000081200000, 0x0000000081200000| Untracked 
|  19|0x0000000081300000, 0x0000000081300000, 0x0000000081400000|  0%| F|  |TAMS 0x0000000081300000, 0x0000000081300000| Untracked 
|  20|0x0000000081400000, 0x0000000081400000, 0x0000000081500000|  0%| F|  |TAMS 0x0000000081400000, 0x0000000081400000| Untracked 
|  21|0x0000000081500000, 0x0000000081500000, 0x0000000081600000|  0%| F|  |TAMS 0x0000000081500000, 0x0000000081500000| Untracked 
|  22|0x0000000081600000, 0x0000000081600000, 0x0000000081700000|  0%| F|  |TAMS 0x0000000081600000, 0x0000000081600000| Untracked 
|  23|0x0000000081700000, 0x0000000081700000, 0x0000000081800000|  0%| F|  |TAMS 0x0000000081700000, 0x0000000081700000| Untracked 
|  24|0x0000000081800000, 0x0000000081800000, 0x0000000081900000|  0%| F|  |TAMS 0x0000000081800000, 0x0000000081800000| Untracked 
|  25|0x0000000081900000, 0x0000000081900000, 0x0000000081a00000|  0%| F|  |TAMS 0x0000000081900000, 0x0000000081900000| Untracked 
|  26|0x0000000081a00000, 0x0000000081a00000, 0x0000000081b00000|  0%| F|  |TAMS 0x0000000081a00000, 0x0000000081a00000| Untracked 
|  27|0x0000000081b00000, 0x0000000081b00000, 0x0000000081c00000|  0%| F|  |TAMS 0x0000000081b00000, 0x0000000081b00000| Untracked 
|  28|0x0000000081c00000, 0x0000000081c00000, 0x0000000081d00000|  0%| F|  |TAMS 0x0000000081c00000, 0x0000000081c00000| Untracked 
|  29|0x0000000081d00000, 0x0000000081d00000, 0x0000000081e00000|  0%| F|  |TAMS 0x0000000081d00000, 0x0000000081d00000| Untracked 
|  30|0x0000000081e00000, 0x0000000081e00000, 0x0000000081f00000|  0%| F|  |TAMS 0x0000000081e00000, 0x0000000081e00000| Untracked 
|  31|0x0000000081f00000, 0x0000000081f00000, 0x0000000082000000|  0%| F|  |TAMS 0x0000000081f00000, 0x0000000081f00000| Untracked 
|  32|0x0000000082000000, 0x0000000082000000, 0x0000000082100000|  0%| F|  |TAMS 0x0000000082000000, 0x0000000082000000| Untracked 
|  33|0x0000000082100000, 0x0000000082100000, 0x0000000082200000|  0%| F|  |TAMS 0x0000000082100000, 0x0000000082100000| Untracked 
|  34|0x0000000082200000, 0x0000000082200000, 0x0000000082300000|  0%| F|  |TAMS 0x0000000082200000, 0x0000000082200000| Untracked 
|  35|0x0000000082300000, 0x0000000082300000, 0x0000000082400000|  0%| F|  |TAMS 0x0000000082300000, 0x0000000082300000| Untracked 
|  36|0x0000000082400000, 0x0000000082400000, 0x0000000082500000|  0%| F|  |TAMS 0x0000000082400000, 0x0000000082400000| Untracked 
|  37|0x0000000082500000, 0x0000000082500000, 0x0000000082600000|  0%| F|  |TAMS 0x0000000082500000, 0x0000000082500000| Untracked 
|  38|0x0000000082600000, 0x0000000082600000, 0x0000000082700000|  0%| F|  |TAMS 0x0000000082600000, 0x0000000082600000| Untracked 
|  39|0x0000000082700000, 0x0000000082700000, 0x0000000082800000|  0%| F|  |TAMS 0x0000000082700000, 0x0000000082700000| Untracked 
|  40|0x0000000082800000, 0x0000000082800000, 0x0000000082900000|  0%| F|  |TAMS 0x0000000082800000, 0x0000000082800000| Untracked 
|  41|0x0000000082900000, 0x0000000082900000, 0x0000000082a00000|  0%| F|  |TAMS 0x0000000082900000, 0x0000000082900000| Untracked 
|  42|0x0000000082a00000, 0x0000000082a00000, 0x0000000082b00000|  0%| F|  |TAMS 0x0000000082a00000, 0x0000000082a00000| Untracked 
|  43|0x0000000082b00000, 0x0000000082b00000, 0x0000000082c00000|  0%| F|  |TAMS 0x0000000082b00000, 0x0000000082b00000| Untracked 
|  44|0x0000000082c00000, 0x0000000082c00000, 0x0000000082d00000|  0%| F|  |TAMS 0x0000000082c00000, 0x0000000082c00000| Untracked 
|  45|0x0000000082d00000, 0x0000000082d00000, 0x0000000082e00000|  0%| F|  |TAMS 0x0000000082d00000, 0x0000000082d00000| Untracked 
|  46|0x0000000082e00000, 0x0000000082e00000, 0x0000000082f00000|  0%| F|  |TAMS 0x0000000082e00000, 0x0000000082e00000| Untracked 
|  47|0x0000000082f00000, 0x0000000082f00000, 0x0000000083000000|  0%| F|  |TAMS 0x0000000082f00000, 0x0000000082f00000| Untracked 
|  48|0x0000000083000000, 0x0000000083000000, 0x0000000083100000|  0%| F|  |TAMS 0x0000000083000000, 0x0000000083000000| Untracked 
|  49|0x0000000083100000, 0x0000000083100000, 0x0000000083200000|  0%| F|  |TAMS 0x0000000083100000, 0x0000000083100000| Untracked 
|  50|0x0000000083200000, 0x0000000083200000, 0x0000000083300000|  0%| F|  |TAMS 0x0000000083200000, 0x0000000083200000| Untracked 
|  51|0x0000000083300000, 0x0000000083300000, 0x0000000083400000|  0%| F|  |TAMS 0x0000000083300000, 0x0000000083300000| Untracked 
|  52|0x0000000083400000, 0x0000000083400000, 0x0000000083500000|  0%| F|  |TAMS 0x0000000083400000, 0x0000000083400000| Untracked 
|  53|0x0000000083500000, 0x0000000083500000, 0x0000000083600000|  0%| F|  |TAMS 0x0000000083500000, 0x0000000083500000| Untracked 
|  54|0x0000000083600000, 0x0000000083600000, 0x0000000083700000|  0%| F|  |TAMS 0x0000000083600000, 0x0000000083600000| Untracked 
|  55|0x0000000083700000, 0x0000000083700000, 0x0000000083800000|  0%| F|  |TAMS 0x0000000083700000, 0x0000000083700000| Untracked 
|  56|0x0000000083800000, 0x0000000083800000, 0x0000000083900000|  0%| F|  |TAMS 0x0000000083800000, 0x0000000083800000| Untracked 
|  57|0x0000000083900000, 0x0000000083900000, 0x0000000083a00000|  0%| F|  |TAMS 0x0000000083900000, 0x0000000083900000| Untracked 
|  58|0x0000000083a00000, 0x0000000083a00000, 0x0000000083b00000|  0%| F|  |TAMS 0x0000000083a00000, 0x0000000083a00000| Untracked 
|  59|0x0000000083b00000, 0x0000000083b00000, 0x0000000083c00000|  0%| F|  |TAMS 0x0000000083b00000, 0x0000000083b00000| Untracked 
|  60|0x0000000083c00000, 0x0000000083c00000, 0x0000000083d00000|  0%| F|  |TAMS 0x0000000083c00000, 0x0000000083c00000| Untracked 
|  61|0x0000000083d00000, 0x0000000083d00000, 0x0000000083e00000|  0%| F|  |TAMS 0x0000000083d00000, 0x0000000083d00000| Untracked 
|  62|0x0000000083e00000, 0x0000000083e00000, 0x0000000083f00000|  0%| F|  |TAMS 0x0000000083e00000, 0x0000000083e00000| Untracked 
|  63|0x0000000083f00000, 0x0000000083f00000, 0x0000000084000000|  0%| F|  |TAMS 0x0000000083f00000, 0x0000000083f00000| Untracked 
|  64|0x0000000084000000, 0x0000000084000000, 0x0000000084100000|  0%| F|  |TAMS 0x0000000084000000, 0x0000000084000000| Untracked 
|  65|0x0000000084100000, 0x0000000084100000, 0x0000000084200000|  0%| F|  |TAMS 0x0000000084100000, 0x0000000084100000| Untracked 
|  66|0x0000000084200000, 0x0000000084200000, 0x0000000084300000|  0%| F|  |TAMS 0x0000000084200000, 0x0000000084200000| Untracked 
|  67|0x0000000084300000, 0x0000000084300000, 0x0000000084400000|  0%| F|  |TAMS 0x0000000084300000, 0x0000000084300000| Untracked 
|  68|0x0000000084400000, 0x0000000084400000, 0x0000000084500000|  0%| F|  |TAMS 0x0000000084400000, 0x0000000084400000| Untracked 
|  69|0x0000000084500000, 0x0000000084500000, 0x0000000084600000|  0%| F|  |TAMS 0x0000000084500000, 0x0000000084500000| Untracked 
|  70|0x0000000084600000, 0x0000000084600000, 0x0000000084700000|  0%| F|  |TAMS 0x0000000084600000, 0x0000000084600000| Untracked 
|  71|0x0000000084700000, 0x0000000084700000, 0x0000000084800000|  0%| F|  |TAMS 0x0000000084700000, 0x0000000084700000| Untracked 
|  72|0x0000000084800000, 0x0000000084800000, 0x0000000084900000|  0%| F|  |TAMS 0x0000000084800000, 0x0000000084800000| Untracked 
|  73|0x0000000084900000, 0x0000000084900000, 0x0000000084a00000|  0%| F|  |TAMS 0x0000000084900000, 0x0000000084900000| Untracked 
|  74|0x0000000084a00000, 0x0000000084a00000, 0x0000000084b00000|  0%| F|  |TAMS 0x0000000084a00000, 0x0000000084a00000| Untracked 
|  75|0x0000000084b00000, 0x0000000084b00000, 0x0000000084c00000|  0%| F|  |TAMS 0x0000000084b00000, 0x0000000084b00000| Untracked 
|  76|0x0000000084c00000, 0x0000000084c00000, 0x0000000084d00000|  0%| F|  |TAMS 0x0000000084c00000, 0x0000000084c00000| Untracked 
|  77|0x0000000084d00000, 0x0000000084d00000, 0x0000000084e00000|  0%| F|  |TAMS 0x0000000084d00000, 0x0000000084d00000| Untracked 
|  78|0x0000000084e00000, 0x0000000084e00000, 0x0000000084f00000|  0%| F|  |TAMS 0x0000000084e00000, 0x0000000084e00000| Untracked 
|  79|0x0000000084f00000, 0x0000000084f00000, 0x0000000085000000|  0%| F|  |TAMS 0x0000000084f00000, 0x0000000084f00000| Untracked 
|  80|0x0000000085000000, 0x0000000085000000, 0x0000000085100000|  0%| F|  |TAMS 0x0000000085000000, 0x0000000085000000| Untracked 
|  81|0x0000000085100000, 0x0000000085100000, 0x0000000085200000|  0%| F|  |TAMS 0x0000000085100000, 0x0000000085100000| Untracked 
|  82|0x0000000085200000, 0x0000000085200000, 0x0000000085300000|  0%| F|  |TAMS 0x0000000085200000, 0x0000000085200000| Untracked 
|  83|0x0000000085300000, 0x0000000085300000, 0x0000000085400000|  0%| F|  |TAMS 0x0000000085300000, 0x0000000085300000| Untracked 
|  84|0x0000000085400000, 0x0000000085400000, 0x0000000085500000|  0%| F|  |TAMS 0x0000000085400000, 0x0000000085400000| Untracked 
|  85|0x0000000085500000, 0x0000000085500000, 0x0000000085600000|  0%| F|  |TAMS 0x0000000085500000, 0x0000000085500000| Untracked 
|  86|0x0000000085600000, 0x0000000085600000, 0x0000000085700000|  0%| F|  |TAMS 0x0000000085600000, 0x0000000085600000| Untracked 
|  87|0x0000000085700000, 0x0000000085700000, 0x0000000085800000|  0%| F|  |TAMS 0x0000000085700000, 0x0000000085700000| Untracked 
|  88|0x0000000085800000, 0x0000000085800000, 0x0000000085900000|  0%| F|  |TAMS 0x0000000085800000, 0x0000000085800000| Untracked 
|  89|0x0000000085900000, 0x0000000085900000, 0x0000000085a00000|  0%| F|  |TAMS 0x0000000085900000, 0x0000000085900000| Untracked 
|  90|0x0000000085a00000, 0x0000000085a00000, 0x0000000085b00000|  0%| F|  |TAMS 0x0000000085a00000, 0x0000000085a00000| Untracked 
|  91|0x0000000085b00000, 0x0000000085b00000, 0x0000000085c00000|  0%| F|  |TAMS 0x0000000085b00000, 0x0000000085b00000| Untracked 
|  92|0x0000000085c00000, 0x0000000085c00000, 0x0000000085d00000|  0%| F|  |TAMS 0x0000000085c00000, 0x0000000085c00000| Untracked 
|  93|0x0000000085d00000, 0x0000000085d00000, 0x0000000085e00000|  0%| F|  |TAMS 0x0000000085d00000, 0x0000000085d00000| Untracked 
|  94|0x0000000085e00000, 0x0000000085e00000, 0x0000000085f00000|  0%| F|  |TAMS 0x0000000085e00000, 0x0000000085e00000| Untracked 
|  95|0x0000000085f00000, 0x0000000085f00000, 0x0000000086000000|  0%| F|  |TAMS 0x0000000085f00000, 0x0000000085f00000| Untracked 
|  96|0x0000000086000000, 0x0000000086000000, 0x0000000086100000|  0%| F|  |TAMS 0x0000000086000000, 0x0000000086000000| Untracked 
|  97|0x0000000086100000, 0x0000000086100000, 0x0000000086200000|  0%| F|  |TAMS 0x0000000086100000, 0x0000000086100000| Untracked 
|  98|0x0000000086200000, 0x0000000086200000, 0x0000000086300000|  0%| F|  |TAMS 0x0000000086200000, 0x0000000086200000| Untracked 
|  99|0x0000000086300000, 0x0000000086300000, 0x0000000086400000|  0%| F|  |TAMS 0x0000000086300000, 0x0000000086300000| Untracked 
| 100|0x0000000086400000, 0x0000000086400000, 0x0000000086500000|  0%| F|  |TAMS 0x0000000086400000, 0x0000000086400000| Untracked 
| 101|0x0000000086500000, 0x0000000086500000, 0x0000000086600000|  0%| F|  |TAMS 0x0000000086500000, 0x0000000086500000| Untracked 
| 102|0x0000000086600000, 0x0000000086600000, 0x0000000086700000|  0%| F|  |TAMS 0x0000000086600000, 0x0000000086600000| Untracked 
| 103|0x0000000086700000, 0x0000000086700000, 0x0000000086800000|  0%| F|  |TAMS 0x0000000086700000, 0x0000000086700000| Untracked 
| 104|0x0000000086800000, 0x0000000086800000, 0x0000000086900000|  0%| F|  |TAMS 0x0000000086800000, 0x0000000086800000| Untracked 
| 105|0x0000000086900000, 0x0000000086900000, 0x0000000086a00000|  0%| F|  |TAMS 0x0000000086900000, 0x0000000086900000| Untracked 
| 106|0x0000000086a00000, 0x0000000086a00000, 0x0000000086b00000|  0%| F|  |TAMS 0x0000000086a00000, 0x0000000086a00000| Untracked 
| 107|0x0000000086b00000, 0x0000000086b00000, 0x0000000086c00000|  0%| F|  |TAMS 0x0000000086b00000, 0x0000000086b00000| Untracked 
| 108|0x0000000086c00000, 0x0000000086c00000, 0x0000000086d00000|  0%| F|  |TAMS 0x0000000086c00000, 0x0000000086c00000| Untracked 
| 109|0x0000000086d00000, 0x0000000086d00000, 0x0000000086e00000|  0%| F|  |TAMS 0x0000000086d00000, 0x0000000086d00000| Untracked 
| 110|0x0000000086e00000, 0x0000000086e00000, 0x0000000086f00000|  0%| F|  |TAMS 0x0000000086e00000, 0x0000000086e00000| Untracked 
| 111|0x0000000086f00000, 0x0000000086f00000, 0x0000000087000000|  0%| F|  |TAMS 0x0000000086f00000, 0x0000000086f00000| Untracked 
| 112|0x0000000087000000, 0x0000000087000000, 0x0000000087100000|  0%| F|  |TAMS 0x0000000087000000, 0x0000000087000000| Untracked 
| 113|0x0000000087100000, 0x0000000087100000, 0x0000000087200000|  0%| F|  |TAMS 0x0000000087100000, 0x0000000087100000| Untracked 
| 114|0x0000000087200000, 0x0000000087200000, 0x0000000087300000|  0%| F|  |TAMS 0x0000000087200000, 0x0000000087200000| Untracked 
| 115|0x0000000087300000, 0x0000000087300000, 0x0000000087400000|  0%| F|  |TAMS 0x0000000087300000, 0x0000000087300000| Untracked 
| 116|0x0000000087400000, 0x0000000087400000, 0x0000000087500000|  0%| F|  |TAMS 0x0000000087400000, 0x0000000087400000| Untracked 
| 117|0x0000000087500000, 0x0000000087500000, 0x0000000087600000|  0%| F|  |TAMS 0x0000000087500000, 0x0000000087500000| Untracked 
| 118|0x0000000087600000, 0x0000000087600000, 0x0000000087700000|  0%| F|  |TAMS 0x0000000087600000, 0x0000000087600000| Untracked 
| 119|0x0000000087700000, 0x0000000087700000, 0x0000000087800000|  0%| F|  |TAMS 0x0000000087700000, 0x0000000087700000| Untracked 
| 120|0x0000000087800000, 0x0000000087800000, 0x0000000087900000|  0%| F|  |TAMS 0x0000000087800000, 0x0000000087800000| Untracked 
| 121|0x0000000087900000, 0x0000000087900000, 0x0000000087a00000|  0%| F|  |TAMS 0x0000000087900000, 0x0000000087900000| Untracked 
| 122|0x0000000087a00000, 0x0000000087a00000, 0x0000000087b00000|  0%| F|  |TAMS 0x0000000087a00000, 0x0000000087a00000| Untracked 
| 123|0x0000000087b00000, 0x0000000087b00000, 0x0000000087c00000|  0%| F|  |TAMS 0x0000000087b00000, 0x0000000087b00000| Untracked 
| 124|0x0000000087c00000, 0x0000000087c00000, 0x0000000087d00000|  0%| F|  |TAMS 0x0000000087c00000, 0x0000000087c00000| Untracked 
| 125|0x0000000087d00000, 0x0000000087d00000, 0x0000000087e00000|  0%| F|  |TAMS 0x0000000087d00000, 0x0000000087d00000| Untracked 
| 126|0x0000000087e00000, 0x0000000087e00000, 0x0000000087f00000|  0%| F|  |TAMS 0x0000000087e00000, 0x0000000087e00000| Untracked 
| 127|0x0000000087f00000, 0x0000000087f00000, 0x0000000088000000|  0%| F|  |TAMS 0x0000000087f00000, 0x0000000087f00000| Untracked 
| 128|0x0000000088000000, 0x0000000088000000, 0x0000000088100000|  0%| F|  |TAMS 0x0000000088000000, 0x0000000088000000| Untracked 
| 129|0x0000000088100000, 0x0000000088100000, 0x0000000088200000|  0%| F|  |TAMS 0x0000000088100000, 0x0000000088100000| Untracked 
| 130|0x0000000088200000, 0x0000000088200000, 0x0000000088300000|  0%| F|  |TAMS 0x0000000088200000, 0x0000000088200000| Untracked 
| 131|0x0000000088300000, 0x0000000088300000, 0x0000000088400000|  0%| F|  |TAMS 0x0000000088300000, 0x0000000088300000| Untracked 
| 132|0x0000000088400000, 0x0000000088400000, 0x0000000088500000|  0%| F|  |TAMS 0x0000000088400000, 0x0000000088400000| Untracked 
| 133|0x0000000088500000, 0x0000000088500000, 0x0000000088600000|  0%| F|  |TAMS 0x0000000088500000, 0x0000000088500000| Untracked 
| 134|0x0000000088600000, 0x0000000088600000, 0x0000000088700000|  0%| F|  |TAMS 0x0000000088600000, 0x0000000088600000| Untracked 
| 135|0x0000000088700000, 0x0000000088700000, 0x0000000088800000|  0%| F|  |TAMS 0x0000000088700000, 0x0000000088700000| Untracked 
| 136|0x0000000088800000, 0x0000000088800000, 0x0000000088900000|  0%| F|  |TAMS 0x0000000088800000, 0x0000000088800000| Untracked 
| 137|0x0000000088900000, 0x0000000088900000, 0x0000000088a00000|  0%| F|  |TAMS 0x0000000088900000, 0x0000000088900000| Untracked 
| 138|0x0000000088a00000, 0x0000000088a00000, 0x0000000088b00000|  0%| F|  |TAMS 0x0000000088a00000, 0x0000000088a00000| Untracked 
| 139|0x0000000088b00000, 0x0000000088b00000, 0x0000000088c00000|  0%| F|  |TAMS 0x0000000088b00000, 0x0000000088b00000| Untracked 
| 140|0x0000000088c00000, 0x0000000088c00000, 0x0000000088d00000|  0%| F|  |TAMS 0x0000000088c00000, 0x0000000088c00000| Untracked 
| 141|0x0000000088d00000, 0x0000000088d00000, 0x0000000088e00000|  0%| F|  |TAMS 0x0000000088d00000, 0x0000000088d00000| Untracked 
| 142|0x0000000088e00000, 0x0000000088e00000, 0x0000000088f00000|  0%| F|  |TAMS 0x0000000088e00000, 0x0000000088e00000| Untracked 
| 143|0x0000000088f00000, 0x0000000088f00000, 0x0000000089000000|  0%| F|  |TAMS 0x0000000088f00000, 0x0000000088f00000| Untracked 
| 144|0x0000000089000000, 0x0000000089000000, 0x0000000089100000|  0%| F|  |TAMS 0x0000000089000000, 0x0000000089000000| Untracked 
| 145|0x0000000089100000, 0x0000000089100000, 0x0000000089200000|  0%| F|  |TAMS 0x0000000089100000, 0x0000000089100000| Untracked 
| 146|0x0000000089200000, 0x0000000089200000, 0x0000000089300000|  0%| F|  |TAMS 0x0000000089200000, 0x0000000089200000| Untracked 
| 147|0x0000000089300000, 0x0000000089300000, 0x0000000089400000|  0%| F|  |TAMS 0x0000000089300000, 0x0000000089300000| Untracked 
| 148|0x0000000089400000, 0x0000000089400000, 0x0000000089500000|  0%| F|  |TAMS 0x0000000089400000, 0x0000000089400000| Untracked 
| 149|0x0000000089500000, 0x0000000089500000, 0x0000000089600000|  0%| F|  |TAMS 0x0000000089500000, 0x0000000089500000| Untracked 
| 150|0x0000000089600000, 0x0000000089600000, 0x0000000089700000|  0%| F|  |TAMS 0x0000000089600000, 0x0000000089600000| Untracked 
| 151|0x0000000089700000, 0x0000000089700000, 0x0000000089800000|  0%| F|  |TAMS 0x0000000089700000, 0x0000000089700000| Untracked 
| 152|0x0000000089800000, 0x0000000089800000, 0x0000000089900000|  0%| F|  |TAMS 0x0000000089800000, 0x0000000089800000| Untracked 
| 153|0x0000000089900000, 0x0000000089900000, 0x0000000089a00000|  0%| F|  |TAMS 0x0000000089900000, 0x0000000089900000| Untracked 
| 154|0x0000000089a00000, 0x0000000089a00000, 0x0000000089b00000|  0%| F|  |TAMS 0x0000000089a00000, 0x0000000089a00000| Untracked 
| 155|0x0000000089b00000, 0x0000000089b00000, 0x0000000089c00000|  0%| F|  |TAMS 0x0000000089b00000, 0x0000000089b00000| Untracked 
| 156|0x0000000089c00000, 0x0000000089c00000, 0x0000000089d00000|  0%| F|  |TAMS 0x0000000089c00000, 0x0000000089c00000| Untracked 
| 157|0x0000000089d00000, 0x0000000089d00000, 0x0000000089e00000|  0%| F|  |TAMS 0x0000000089d00000, 0x0000000089d00000| Untracked 
| 158|0x0000000089e00000, 0x0000000089e00000, 0x0000000089f00000|  0%| F|  |TAMS 0x0000000089e00000, 0x0000000089e00000| Untracked 
| 159|0x0000000089f00000, 0x0000000089f00000, 0x000000008a000000|  0%| F|  |TAMS 0x0000000089f00000, 0x0000000089f00000| Untracked 
| 160|0x000000008a000000, 0x000000008a000000, 0x000000008a100000|  0%| F|  |TAMS 0x000000008a000000, 0x000000008a000000| Untracked 
| 161|0x000000008a100000, 0x000000008a100000, 0x000000008a200000|  0%| F|  |TAMS 0x000000008a100000, 0x000000008a100000| Untracked 
| 162|0x000000008a200000, 0x000000008a200000, 0x000000008a300000|  0%| F|  |TAMS 0x000000008a200000, 0x000000008a200000| Untracked 
| 163|0x000000008a300000, 0x000000008a300000, 0x000000008a400000|  0%| F|  |TAMS 0x000000008a300000, 0x000000008a300000| Untracked 
| 164|0x000000008a400000, 0x000000008a400000, 0x000000008a500000|  0%| F|  |TAMS 0x000000008a400000, 0x000000008a400000| Untracked 
| 165|0x000000008a500000, 0x000000008a500000, 0x000000008a600000|  0%| F|  |TAMS 0x000000008a500000, 0x000000008a500000| Untracked 
| 166|0x000000008a600000, 0x000000008a600000, 0x000000008a700000|  0%| F|  |TAMS 0x000000008a600000, 0x000000008a600000| Untracked 
| 167|0x000000008a700000, 0x000000008a700000, 0x000000008a800000|  0%| F|  |TAMS 0x000000008a700000, 0x000000008a700000| Untracked 
| 168|0x000000008a800000, 0x000000008a800000, 0x000000008a900000|  0%| F|  |TAMS 0x000000008a800000, 0x000000008a800000| Untracked 
| 169|0x000000008a900000, 0x000000008a900000, 0x000000008aa00000|  0%| F|  |TAMS 0x000000008a900000, 0x000000008a900000| Untracked 
| 170|0x000000008aa00000, 0x000000008aa00000, 0x000000008ab00000|  0%| F|  |TAMS 0x000000008aa00000, 0x000000008aa00000| Untracked 
| 171|0x000000008ab00000, 0x000000008ab00000, 0x000000008ac00000|  0%| F|  |TAMS 0x000000008ab00000, 0x000000008ab00000| Untracked 
| 172|0x000000008ac00000, 0x000000008ac00000, 0x000000008ad00000|  0%| F|  |TAMS 0x000000008ac00000, 0x000000008ac00000| Untracked 
| 173|0x000000008ad00000, 0x000000008ad00000, 0x000000008ae00000|  0%| F|  |TAMS 0x000000008ad00000, 0x000000008ad00000| Untracked 
| 174|0x000000008ae00000, 0x000000008ae00000, 0x000000008af00000|  0%| F|  |TAMS 0x000000008ae00000, 0x000000008ae00000| Untracked 
| 175|0x000000008af00000, 0x000000008af00000, 0x000000008b000000|  0%| F|  |TAMS 0x000000008af00000, 0x000000008af00000| Untracked 
| 176|0x000000008b000000, 0x000000008b000000, 0x000000008b100000|  0%| F|  |TAMS 0x000000008b000000, 0x000000008b000000| Untracked 
| 177|0x000000008b100000, 0x000000008b16d9e0, 0x000000008b200000| 42%| S|CS|TAMS 0x000000008b100000, 0x000000008b100000| Complete 
| 178|0x000000008b200000, 0x000000008b300000, 0x000000008b300000|100%| S|CS|TAMS 0x000000008b200000, 0x000000008b200000| Complete 
| 179|0x000000008b300000, 0x000000008b400000, 0x000000008b400000|100%| S|CS|TAMS 0x000000008b300000, 0x000000008b300000| Complete 
| 180|0x000000008b400000, 0x000000008b500000, 0x000000008b500000|100%| S|CS|TAMS 0x000000008b400000, 0x000000008b400000| Complete 
| 181|0x000000008b500000, 0x000000008b600000, 0x000000008b600000|100%| S|CS|TAMS 0x000000008b500000, 0x000000008b500000| Complete 
| 182|0x000000008b600000, 0x000000008b600000, 0x000000008b700000|  0%| F|  |TAMS 0x000000008b600000, 0x000000008b600000| Untracked 
| 183|0x000000008b700000, 0x000000008b700000, 0x000000008b800000|  0%| F|  |TAMS 0x000000008b700000, 0x000000008b700000| Untracked 
| 184|0x000000008b800000, 0x000000008b800000, 0x000000008b900000|  0%| F|  |TAMS 0x000000008b800000, 0x000000008b800000| Untracked 
| 185|0x000000008b900000, 0x000000008b900000, 0x000000008ba00000|  0%| F|  |TAMS 0x000000008b900000, 0x000000008b900000| Untracked 
| 186|0x000000008ba00000, 0x000000008ba00000, 0x000000008bb00000|  0%| F|  |TAMS 0x000000008ba00000, 0x000000008ba00000| Untracked 
| 187|0x000000008bb00000, 0x000000008bb00000, 0x000000008bc00000|  0%| F|  |TAMS 0x000000008bb00000, 0x000000008bb00000| Untracked 
| 188|0x000000008bc00000, 0x000000008bc00000, 0x000000008bd00000|  0%| F|  |TAMS 0x000000008bc00000, 0x000000008bc00000| Untracked 
| 189|0x000000008bd00000, 0x000000008bd00000, 0x000000008be00000|  0%| F|  |TAMS 0x000000008bd00000, 0x000000008bd00000| Untracked 
| 190|0x000000008be00000, 0x000000008be00000, 0x000000008bf00000|  0%| F|  |TAMS 0x000000008be00000, 0x000000008be00000| Untracked 
| 191|0x000000008bf00000, 0x000000008bf00000, 0x000000008c000000|  0%| F|  |TAMS 0x000000008bf00000, 0x000000008bf00000| Untracked 
| 192|0x000000008c000000, 0x000000008c000000, 0x000000008c100000|  0%| F|  |TAMS 0x000000008c000000, 0x000000008c000000| Untracked 
| 193|0x000000008c100000, 0x000000008c100000, 0x000000008c200000|  0%| F|  |TAMS 0x000000008c100000, 0x000000008c100000| Untracked 
| 194|0x000000008c200000, 0x000000008c200000, 0x000000008c300000|  0%| F|  |TAMS 0x000000008c200000, 0x000000008c200000| Untracked 
| 195|0x000000008c300000, 0x000000008c300000, 0x000000008c400000|  0%| F|  |TAMS 0x000000008c300000, 0x000000008c300000| Untracked 
| 196|0x000000008c400000, 0x000000008c400000, 0x000000008c500000|  0%| F|  |TAMS 0x000000008c400000, 0x000000008c400000| Untracked 
| 197|0x000000008c500000, 0x000000008c500000, 0x000000008c600000|  0%| F|  |TAMS 0x000000008c500000, 0x000000008c500000| Untracked 
| 198|0x000000008c600000, 0x000000008c600000, 0x000000008c700000|  0%| F|  |TAMS 0x000000008c600000, 0x000000008c600000| Untracked 
| 199|0x000000008c700000, 0x000000008c700000, 0x000000008c800000|  0%| F|  |TAMS 0x000000008c700000, 0x000000008c700000| Untracked 
| 200|0x000000008c800000, 0x000000008c800000, 0x000000008c900000|  0%| F|  |TAMS 0x000000008c800000, 0x000000008c800000| Untracked 
| 201|0x000000008c900000, 0x000000008c900000, 0x000000008ca00000|  0%| F|  |TAMS 0x000000008c900000, 0x000000008c900000| Untracked 
| 202|0x000000008ca00000, 0x000000008ca00000, 0x000000008cb00000|  0%| F|  |TAMS 0x000000008ca00000, 0x000000008ca00000| Untracked 
| 203|0x000000008cb00000, 0x000000008cb00000, 0x000000008cc00000|  0%| F|  |TAMS 0x000000008cb00000, 0x000000008cb00000| Untracked 
| 204|0x000000008cc00000, 0x000000008cc00000, 0x000000008cd00000|  0%| F|  |TAMS 0x000000008cc00000, 0x000000008cc00000| Untracked 
| 205|0x000000008cd00000, 0x000000008cd00000, 0x000000008ce00000|  0%| F|  |TAMS 0x000000008cd00000, 0x000000008cd00000| Untracked 
| 206|0x000000008ce00000, 0x000000008ce00000, 0x000000008cf00000|  0%| F|  |TAMS 0x000000008ce00000, 0x000000008ce00000| Untracked 
| 207|0x000000008cf00000, 0x000000008cf00000, 0x000000008d000000|  0%| F|  |TAMS 0x000000008cf00000, 0x000000008cf00000| Untracked 
| 208|0x000000008d000000, 0x000000008d000000, 0x000000008d100000|  0%| F|  |TAMS 0x000000008d000000, 0x000000008d000000| Untracked 
| 209|0x000000008d100000, 0x000000008d100000, 0x000000008d200000|  0%| F|  |TAMS 0x000000008d100000, 0x000000008d100000| Untracked 
| 210|0x000000008d200000, 0x000000008d200000, 0x000000008d300000|  0%| F|  |TAMS 0x000000008d200000, 0x000000008d200000| Untracked 
| 211|0x000000008d300000, 0x000000008d300000, 0x000000008d400000|  0%| F|  |TAMS 0x000000008d300000, 0x000000008d300000| Untracked 
| 212|0x000000008d400000, 0x000000008d400000, 0x000000008d500000|  0%| F|  |TAMS 0x000000008d400000, 0x000000008d400000| Untracked 
| 213|0x000000008d500000, 0x000000008d500000, 0x000000008d600000|  0%| F|  |TAMS 0x000000008d500000, 0x000000008d500000| Untracked 
| 214|0x000000008d600000, 0x000000008d600000, 0x000000008d700000|  0%| F|  |TAMS 0x000000008d600000, 0x000000008d600000| Untracked 
| 215|0x000000008d700000, 0x000000008d700000, 0x000000008d800000|  0%| F|  |TAMS 0x000000008d700000, 0x000000008d700000| Untracked 
| 216|0x000000008d800000, 0x000000008d800000, 0x000000008d900000|  0%| F|  |TAMS 0x000000008d800000, 0x000000008d800000| Untracked 
| 217|0x000000008d900000, 0x000000008d900000, 0x000000008da00000|  0%| F|  |TAMS 0x000000008d900000, 0x000000008d900000| Untracked 
| 218|0x000000008da00000, 0x000000008da00000, 0x000000008db00000|  0%| F|  |TAMS 0x000000008da00000, 0x000000008da00000| Untracked 
| 219|0x000000008db00000, 0x000000008db00000, 0x000000008dc00000|  0%| F|  |TAMS 0x000000008db00000, 0x000000008db00000| Untracked 
| 220|0x000000008dc00000, 0x000000008dc00000, 0x000000008dd00000|  0%| F|  |TAMS 0x000000008dc00000, 0x000000008dc00000| Untracked 
| 221|0x000000008dd00000, 0x000000008dd00000, 0x000000008de00000|  0%| F|  |TAMS 0x000000008dd00000, 0x000000008dd00000| Untracked 
| 222|0x000000008de00000, 0x000000008de00000, 0x000000008df00000|  0%| F|  |TAMS 0x000000008de00000, 0x000000008de00000| Untracked 
| 223|0x000000008df00000, 0x000000008df00000, 0x000000008e000000|  0%| F|  |TAMS 0x000000008df00000, 0x000000008df00000| Untracked 
| 224|0x000000008e000000, 0x000000008e000000, 0x000000008e100000|  0%| F|  |TAMS 0x000000008e000000, 0x000000008e000000| Untracked 
| 225|0x000000008e100000, 0x000000008e100000, 0x000000008e200000|  0%| F|  |TAMS 0x000000008e100000, 0x000000008e100000| Untracked 
| 226|0x000000008e200000, 0x000000008e200000, 0x000000008e300000|  0%| F|  |TAMS 0x000000008e200000, 0x000000008e200000| Untracked 
| 227|0x000000008e300000, 0x000000008e300000, 0x000000008e400000|  0%| F|  |TAMS 0x000000008e300000, 0x000000008e300000| Untracked 
| 228|0x000000008e400000, 0x000000008e400000, 0x000000008e500000|  0%| F|  |TAMS 0x000000008e400000, 0x000000008e400000| Untracked 
| 229|0x000000008e500000, 0x000000008e500000, 0x000000008e600000|  0%| F|  |TAMS 0x000000008e500000, 0x000000008e500000| Untracked 
| 230|0x000000008e600000, 0x000000008e600000, 0x000000008e700000|  0%| F|  |TAMS 0x000000008e600000, 0x000000008e600000| Untracked 
| 231|0x000000008e700000, 0x000000008e700000, 0x000000008e800000|  0%| F|  |TAMS 0x000000008e700000, 0x000000008e700000| Untracked 
| 232|0x000000008e800000, 0x000000008e800000, 0x000000008e900000|  0%| F|  |TAMS 0x000000008e800000, 0x000000008e800000| Untracked 
| 233|0x000000008e900000, 0x000000008e900000, 0x000000008ea00000|  0%| F|  |TAMS 0x000000008e900000, 0x000000008e900000| Untracked 
| 234|0x000000008ea00000, 0x000000008ea00000, 0x000000008eb00000|  0%| F|  |TAMS 0x000000008ea00000, 0x000000008ea00000| Untracked 
| 235|0x000000008eb00000, 0x000000008eb00000, 0x000000008ec00000|  0%| F|  |TAMS 0x000000008eb00000, 0x000000008eb00000| Untracked 
| 236|0x000000008ec00000, 0x000000008ec00000, 0x000000008ed00000|  0%| F|  |TAMS 0x000000008ec00000, 0x000000008ec00000| Untracked 
| 237|0x000000008ed00000, 0x000000008ed00000, 0x000000008ee00000|  0%| F|  |TAMS 0x000000008ed00000, 0x000000008ed00000| Untracked 
| 238|0x000000008ee00000, 0x000000008ee00000, 0x000000008ef00000|  0%| F|  |TAMS 0x000000008ee00000, 0x000000008ee00000| Untracked 
| 239|0x000000008ef00000, 0x000000008ef00000, 0x000000008f000000|  0%| F|  |TAMS 0x000000008ef00000, 0x000000008ef00000| Untracked 
| 240|0x000000008f000000, 0x000000008f000000, 0x000000008f100000|  0%| F|  |TAMS 0x000000008f000000, 0x000000008f000000| Untracked 
| 241|0x000000008f100000, 0x000000008f100000, 0x000000008f200000|  0%| F|  |TAMS 0x000000008f100000, 0x000000008f100000| Untracked 
| 242|0x000000008f200000, 0x000000008f200000, 0x000000008f300000|  0%| F|  |TAMS 0x000000008f200000, 0x000000008f200000| Untracked 
| 243|0x000000008f300000, 0x000000008f300000, 0x000000008f400000|  0%| F|  |TAMS 0x000000008f300000, 0x000000008f300000| Untracked 
| 244|0x000000008f400000, 0x000000008f400000, 0x000000008f500000|  0%| F|  |TAMS 0x000000008f400000, 0x000000008f400000| Untracked 
| 245|0x000000008f500000, 0x000000008f500000, 0x000000008f600000|  0%| F|  |TAMS 0x000000008f500000, 0x000000008f500000| Untracked 
| 246|0x000000008f600000, 0x000000008f600000, 0x000000008f700000|  0%| F|  |TAMS 0x000000008f600000, 0x000000008f600000| Untracked 
| 247|0x000000008f700000, 0x000000008f700000, 0x000000008f800000|  0%| F|  |TAMS 0x000000008f700000, 0x000000008f700000| Untracked 
| 248|0x000000008f800000, 0x000000008f800000, 0x000000008f900000|  0%| F|  |TAMS 0x000000008f800000, 0x000000008f800000| Untracked 
| 249|0x000000008f900000, 0x000000008f900000, 0x000000008fa00000|  0%| F|  |TAMS 0x000000008f900000, 0x000000008f900000| Untracked 
| 250|0x000000008fa00000, 0x000000008fa00000, 0x000000008fb00000|  0%| F|  |TAMS 0x000000008fa00000, 0x000000008fa00000| Untracked 
| 251|0x000000008fb00000, 0x000000008fc00000, 0x000000008fc00000|100%| E|  |TAMS 0x000000008fb00000, 0x000000008fb00000| Complete 
| 252|0x000000008fc00000, 0x000000008fd00000, 0x000000008fd00000|100%| E|CS|TAMS 0x000000008fc00000, 0x000000008fc00000| Complete 
| 253|0x000000008fd00000, 0x000000008fe00000, 0x000000008fe00000|100%| E|CS|TAMS 0x000000008fd00000, 0x000000008fd00000| Complete 

Card table byte_map: [0x00000170bc530000,0x00000170bc930000] _byte_map_base: 0x00000170bc130000

Marking Bits (Prev, Next): (CMBitMap*) 0x00000170a8c0f4a0, (CMBitMap*) 0x00000170a8c0f468
 Prev Bits: [0x00000170bed30000, 0x00000170c0d30000)
 Next Bits: [0x00000170bcd30000, 0x00000170bed30000)

Polling page: 0x00000170a7340000

Metaspace:

Usage:
  Non-class:     23.99 MB capacity,    23.59 MB ( 98%) used,   355.27 KB (  1%) free+waste,    53.94 KB ( <1%) overhead. 
      Class:      3.82 MB capacity,     3.60 MB ( 94%) used,   191.51 KB (  5%) free+waste,    27.06 KB ( <1%) overhead. 
       Both:     27.80 MB capacity,    27.19 MB ( 98%) used,   546.78 KB (  2%) free+waste,    81.00 KB ( <1%) overhead. 

Virtual space:
  Non-class space:       26.00 MB reserved,      24.17 MB ( 93%) committed 
      Class space:        1.00 GB reserved,       3.88 MB ( <1%) committed 
             Both:        1.03 GB reserved,      28.05 MB (  3%) committed 

Chunk freelists:
   Non-Class:  0 bytes
       Class:  29.00 KB
        Both:  29.00 KB

MaxMetaspaceSize: 17179869184.00 GB
CompressedClassSpaceSize: 1.00 GB

CodeHeap 'non-profiled nmethods': size=120000Kb used=1172Kb max_used=1172Kb free=118827Kb
 bounds [0x00000170b41a0000, 0x00000170b4410000, 0x00000170bb6d0000]
CodeHeap 'profiled nmethods': size=120000Kb used=5074Kb max_used=5074Kb free=114926Kb
 bounds [0x00000170acc70000, 0x00000170ad170000, 0x00000170b41a0000]
CodeHeap 'non-nmethods': size=5760Kb used=1164Kb max_used=1188Kb free=4595Kb
 bounds [0x00000170ac6d0000, 0x00000170ac940000, 0x00000170acc70000]
 total_blobs=2851 nmethods=2346 adapters=416
 compilation: enabled
              stopped_count=0, restarted_count=0
 full_count=0

Compilation events (20 events):
Event: 5.562 Thread 0x00000170c40a0000 2270       3       jdk.internal.misc.Unsafe::getAndAddInt (27 bytes)
Event: 5.562 Thread 0x00000170c40a0000 nmethod 2270 0x00000170ad12fa10 code [0x00000170ad12fbc0, 0x00000170ad12fdf8]
Event: 5.568 Thread 0x00000170c409d000 nmethod 2264 0x00000170b42c1310 code [0x00000170b42c1500, 0x00000170b42c1ec8]
Event: 5.591 Thread 0x00000170c409d000 2271       4       java.util.HashMap$KeyIterator::next (8 bytes)
Event: 5.594 Thread 0x00000170c409d000 nmethod 2271 0x00000170b42c2210 code [0x00000170b42c23a0, 0x00000170b42c2798]
Event: 5.814 Thread 0x00000170c40a0000 2272       3       com.google.common.cache.LongAdder::<init> (5 bytes)
Event: 5.814 Thread 0x00000170c40a0000 nmethod 2272 0x00000170ad12ff10 code [0x00000170ad1300e0, 0x00000170ad1302f8]
Event: 5.814 Thread 0x00000170c40a0000 2273       3       com.google.common.cache.Striped64::<init> (5 bytes)
Event: 5.814 Thread 0x00000170c40a0000 nmethod 2273 0x00000170ad130410 code [0x00000170ad1305c0, 0x00000170ad130778]
Event: 5.969 Thread 0x00000170c409d000 2274       4       java.util.concurrent.ConcurrentHashMap::putIfAbsent (8 bytes)
Event: 5.970 Thread 0x00000170c409d000 nmethod 2274 0x00000170b42c2910 code [0x00000170b42c2aa0, 0x00000170b42c2b28]
Event: 5.971 Thread 0x00000170c40a0000 2276       3       sun.reflect.annotation.AnnotationInvocationHandler::invoke (178 bytes)
Event: 5.972 Thread 0x00000170c40a0000 nmethod 2276 0x00000170ad130890 code [0x00000170ad130ba0, 0x00000170ad131c08]
Event: 5.972 Thread 0x00000170c40a0000 2278       3       java.lang.reflect.ProxyGenerator::getParameterDescriptors (47 bytes)
Event: 5.972 Thread 0x00000170c40a0000 nmethod 2278 0x00000170ad132190 code [0x00000170ad132420, 0x00000170ad132de8]
Event: 5.972 Thread 0x00000170c40a0000 2279       3       java.lang.reflect.ProxyGenerator::code_ipush (90 bytes)
Event: 5.972 Thread 0x00000170c409d000 2280   !   4       java.net.URL::<init> (543 bytes)
Event: 5.973 Thread 0x00000170c40a0000 nmethod 2279 0x00000170ad133190 code [0x00000170ad133440, 0x00000170ad134208]
Event: 5.973 Thread 0x00000170c40a0000 2277       1       org.gradle.internal.event.DefaultListenerManager::access$100 (5 bytes)
Event: 5.973 Thread 0x00000170c40a0000 nmethod 2277 0x00000170b42c2e10 code [0x00000170b42c2fc0, 0x00000170b42c3058]

GC Heap History (6 events):
Event: 0.415 GC heap before
{Heap before GC invocations=0 (full 0):
 garbage-first heap   total 260096K, used 29696K [0x0000000080000000, 0x0000000100000000)
  region size 1024K, 24 young (24576K), 0 survivors (0K)
 Metaspace       used 10204K, capacity 10435K, committed 10624K, reserved 1058816K
  class space    used 1069K, capacity 1138K, committed 1152K, reserved 1048576K
}
Event: 0.418 GC heap after
{Heap after GC invocations=1 (full 0):
 garbage-first heap   total 260096K, used 9336K [0x0000000080000000, 0x0000000100000000)
  region size 1024K, 3 young (3072K), 3 survivors (3072K)
 Metaspace       used 10204K, capacity 10435K, committed 10624K, reserved 1058816K
  class space    used 1069K, capacity 1138K, committed 1152K, reserved 1048576K
}
Event: 0.857 GC heap before
{Heap before GC invocations=1 (full 0):
 garbage-first heap   total 260096K, used 68728K [0x0000000080000000, 0x0000000100000000)
  region size 1024K, 61 young (62464K), 3 survivors (3072K)
 Metaspace       used 14731K, capacity 15141K, committed 15360K, reserved 1062912K
  class space    used 1689K, capacity 1792K, committed 1792K, reserved 1048576K
}
Event: 0.861 GC heap after
{Heap after GC invocations=2 (full 0):
 garbage-first heap   total 260096K, used 15360K [0x0000000080000000, 0x0000000100000000)
  region size 1024K, 8 young (8192K), 8 survivors (8192K)
 Metaspace       used 14731K, capacity 15141K, committed 15360K, reserved 1062912K
  class space    used 1689K, capacity 1792K, committed 1792K, reserved 1048576K
}
Event: 1.829 GC heap before
{Heap before GC invocations=2 (full 0):
 garbage-first heap   total 260096K, used 55296K [0x0000000080000000, 0x0000000100000000)
  region size 1024K, 48 young (49152K), 8 survivors (8192K)
 Metaspace       used 20663K, capacity 21116K, committed 21296K, reserved 1069056K
  class space    used 2535K, capacity 2660K, committed 2688K, reserved 1048576K
}
Event: 1.835 GC heap after
{Heap after GC invocations=3 (full 0):
 garbage-first heap   total 260096K, used 17631K [0x0000000080000000, 0x0000000100000000)
  region size 1024K, 3 young (3072K), 3 survivors (3072K)
 Metaspace       used 20663K, capacity 21116K, committed 21296K, reserved 1069056K
  class space    used 2535K, capacity 2660K, committed 2688K, reserved 1048576K
}

Deoptimization events (20 events):
Event: 4.645 Thread 0x00000170c673d000 Uncommon trap: trap_request=0xffffff7e fr.pc=0x00000170b42b1b9c relative=0x000000000000015c
Event: 4.645 Thread 0x00000170c673d000 Uncommon trap: reason=predicate action=maybe_recompile pc=0x00000170b42b1b9c method=com.google.common.base.CharMatcher.indexIn(Ljava/lang/CharSequence;I)I @ 19 c2
Event: 4.645 Thread 0x00000170c673d000 DEOPT PACKING pc=0x00000170b42b1b9c sp=0x00000009c55fb1d0
Event: 4.645 Thread 0x00000170c673d000 DEOPT UNPACKING pc=0x00000170ac6f662f sp=0x00000009c55fb160 mode 2
Event: 4.652 Thread 0x00000170c673d000 Uncommon trap: trap_request=0xffffff4d fr.pc=0x00000170b4245ea4 relative=0x00000000000013e4
Event: 4.652 Thread 0x00000170c673d000 Uncommon trap: reason=unstable_if action=reinterpret pc=0x00000170b4245ea4 method=java.util.concurrent.ConcurrentHashMap.putVal(Ljava/lang/Object;Ljava/lang/Object;Z)Ljava/lang/Object; @ 231 c2
Event: 4.652 Thread 0x00000170c673d000 DEOPT PACKING pc=0x00000170b4245ea4 sp=0x00000009c55fc2a0
Event: 4.652 Thread 0x00000170c673d000 DEOPT UNPACKING pc=0x00000170ac6f662f sp=0x00000009c55fc220 mode 2
Event: 4.663 Thread 0x00000170c673d000 Uncommon trap: trap_request=0xffffffde fr.pc=0x00000170b42ae85c relative=0x000000000000031c
Event: 4.663 Thread 0x00000170c673d000 Uncommon trap: reason=class_check action=maybe_recompile pc=0x00000170b42ae85c method=java.util.Collections$SetFromMap.remove(Ljava/lang/Object;)Z @ 5 c2
Event: 4.663 Thread 0x00000170c673d000 DEOPT PACKING pc=0x00000170b42ae85c sp=0x00000009c55fc290
Event: 4.663 Thread 0x00000170c673d000 DEOPT UNPACKING pc=0x00000170ac6f662f sp=0x00000009c55fc278 mode 2
Event: 4.663 Thread 0x00000170c673d000 Uncommon trap: trap_request=0xffffffde fr.pc=0x00000170b42ae85c relative=0x000000000000031c
Event: 4.663 Thread 0x00000170c673d000 Uncommon trap: reason=class_check action=maybe_recompile pc=0x00000170b42ae85c method=java.util.Collections$SetFromMap.remove(Ljava/lang/Object;)Z @ 5 c2
Event: 4.663 Thread 0x00000170c673d000 DEOPT PACKING pc=0x00000170b42ae85c sp=0x00000009c55fc220
Event: 4.663 Thread 0x00000170c673d000 DEOPT UNPACKING pc=0x00000170ac6f662f sp=0x00000009c55fc208 mode 2
Event: 4.679 Thread 0x00000170c673d000 Uncommon trap: trap_request=0xffffff4d fr.pc=0x00000170b41c6fa8 relative=0x0000000000000468
Event: 4.679 Thread 0x00000170c673d000 Uncommon trap: reason=unstable_if action=reinterpret pc=0x00000170b41c6fa8 method=java.util.Properties$LineReader.readLine()I @ 249 c2
Event: 4.679 Thread 0x00000170c673d000 DEOPT PACKING pc=0x00000170b41c6fa8 sp=0x00000009c55fb650
Event: 4.679 Thread 0x00000170c673d000 DEOPT UNPACKING pc=0x00000170ac6f662f sp=0x00000009c55fb5e0 mode 2

Classes redefined (0 events):
No events

Internal exceptions (20 events):
Event: 1.851 Thread 0x00000170c673d000 Exception <a 'java/lang/NoSuchMethodError'{0x000000008fc7bb30}: 'int java.lang.invoke.DirectMethodHandle$Holder.invokeSpecialIFC(java.lang.Object, java.lang.Object, java.lang.Object, java.lang.Object)'> (0x000000008fc7bb30) thrown at [./src/hotspot/share/interpreter/linkResolver.cpp, line 773]
Event: 1.852 Thread 0x00000170c673d000 Exception <a 'java/lang/NoSuchMethodError'{0x000000008fc89ae8}: 'java.lang.Object java.lang.invoke.DirectMethodHandle$Holder.invokeInterface(java.lang.Object, java.lang.Object, java.lang.Object)'> (0x000000008fc89ae8) thrown at [./src/hotspot/share/interpreter/linkResolver.cpp, line 773]
Event: 1.852 Thread 0x00000170c673d000 Exception <a 'java/lang/IncompatibleClassChangeError'{0x000000008fc8cfc0}: Found class java.lang.Object, but interface was expected> (0x000000008fc8cfc0) thrown at [./src/hotspot/share/interpreter/linkResolver.cpp, line 839]
Event: 1.879 Thread 0x00000170c673d000 Exception <a 'java/lang/NoSuchMethodError'{0x000000008fa895b0}: 'void java.lang.invoke.DirectMethodHandle$Holder.invokeStatic(java.lang.Object, java.lang.Object, java.lang.Object, java.lang.Object, java.lang.Object)'> (0x000000008fa895b0) thrown at [./src/hotspot/share/interpreter/linkResolver.cpp, line 773]
Event: 2.145 Thread 0x00000170c673d000 Exception <a 'java/lang/NoSuchMethodError'{0x000000008f35a410}: 'java.lang.Object java.lang.invoke.DirectMethodHandle$Holder.invokeSpecial(java.lang.Object, java.lang.Object, java.lang.Object, java.lang.Object, java.lang.Object, java.lang.Object, java.lang.Object, java.lang.Object, java.lang.Object)'> (0x000000008f35a410) thrown at [./src/hotspot/share/interpreter/linkResolver.cpp, line 773]
Event: 3.182 Thread 0x00000170c673d000 Exception <a 'java/lang/NoSuchMethodError'{0x000000008e912f58}: 'java.lang.Object java.lang.invoke.DirectMethodHandle$Holder.invokeVirtual(java.lang.Object, java.lang.Object, java.lang.Object, java.lang.Object)'> (0x000000008e912f58) thrown at [./src/hotspot/share/interpreter/linkResolver.cpp, line 773]
Event: 3.647 Thread 0x00000170c673d000 Exception <a 'java/lang/NoSuchMethodError'{0x000000008e201268}: 'void java.lang.invoke.DirectMethodHandle$Holder.invokeSpecial(java.lang.Object, java.lang.Object, java.lang.Object, java.lang.Object, java.lang.Object, java.lang.Object)'> (0x000000008e201268) thrown at [./src/hotspot/share/interpreter/linkResolver.cpp, line 773]
Event: 3.655 Thread 0x00000170c673d000 Exception <a 'java/lang/NoSuchMethodError'{0x000000008e270050}: 'void java.lang.invoke.DirectMethodHandle$Holder.invokeSpecial(java.lang.Object, java.lang.Object, java.lang.Object, java.lang.Object, java.lang.Object, java.lang.Object, java.lang.Object)'> (0x000000008e270050) thrown at [./src/hotspot/share/interpreter/linkResolver.cpp, line 773]
Event: 3.655 Thread 0x00000170c673d000 Exception <a 'java/lang/NoSuchMethodError'{0x000000008e278540}: 'java.lang.Object java.lang.invoke.Invokers$Holder.linkToTargetMethod(java.lang.Object, java.lang.Object, java.lang.Object, java.lang.Object, java.lang.Object, java.lang.Object)'> (0x000000008e278540) thrown at [./src/hotspot/share/interpreter/linkResolver.cpp, line 773]
Event: 3.762 Thread 0x00000170c673d000 Exception <a 'java/lang/NoSuchMethodError'{0x000000008d9a5980}: 'int java.lang.invoke.DirectMethodHandle$Holder.invokeStaticInit(java.lang.Object, java.lang.Object, java.lang.Object)'> (0x000000008d9a5980) thrown at [./src/hotspot/share/interpreter/linkResolver.cpp, line 773]
Event: 4.543 Thread 0x00000170c673d000 Exception <a 'java/lang/NoSuchMethodError'{0x000000008d1d40a8}: 'void java.lang.invoke.DirectMethodHandle$Holder.invokeStaticInit(java.lang.Object, java.lang.Object)'> (0x000000008d1d40a8) thrown at [./src/hotspot/share/interpreter/linkResolver.cpp, line 773]
Event: 4.659 Thread 0x00000170c673d000 Exception <a 'java/lang/NoSuchMethodError'{0x000000008cb34108}: 'void java.lang.invoke.DirectMethodHandle$Holder.invokeStatic(java.lang.Object, java.lang.Object, java.lang.Object, java.lang.Object)'> (0x000000008cb34108) thrown at [./src/hotspot/share/interpreter/linkResolver.cpp, line 773]
Event: 4.660 Thread 0x00000170c673d000 Exception <a 'java/lang/NoSuchMethodError'{0x000000008cb47b78}: 'int java.lang.invoke.DirectMethodHandle$Holder.invokeInterface(java.lang.Object, java.lang.Object)'> (0x000000008cb47b78) thrown at [./src/hotspot/share/interpreter/linkResolver.cpp, line 773]
Event: 5.431 Thread 0x00000170c673d000 Exception <a 'java/lang/NoSuchMethodError'{0x000000008c166708}: 'java.lang.Object java.lang.invoke.DirectMethodHandle$Holder.invokeSpecialIFC(java.lang.Object, java.lang.Object, java.lang.Object, java.lang.Object)'> (0x000000008c166708) thrown at [./src/hotspot/share/interpreter/linkResolver.cpp, line 773]
Event: 5.447 Thread 0x00000170c673d000 Exception <a 'java/lang/NoSuchMethodError'{0x000000008c076c60}: 'java.lang.Object java.lang.invoke.DirectMethodHandle$Holder.invokeSpecial(java.lang.Object, java.lang.Object, java.lang.Object, java.lang.Object, java.lang.Object, java.lang.Object, java.lang.Object, java.lang.Object, java.lang.Object, java.lang.Object, java.lang.Object, java.lang.Object, java.lang.Object)'> (0x000000008c076c60) thrown at [./src/hotspot/share/interpreter/linkResolver.cpp, line 773]
Event: 5.448 Thread 0x00000170c673d000 Exception <a 'java/lang/NoSuchMethodError'{0x000000008c087d38}: 'java.lang.Object java.lang.invoke.DirectMethodHandle$Holder.invokeSpecial(java.lang.Object, java.lang.Object, java.lang.Object, java.lang.Object, java.lang.Object, java.lang.Object, java.lang.Object, java.lang.Object, java.lang.Object, java.lang.Object, java.lang.Object, java.lang.Object)'> (0x000000008c087d38) thrown at [./src/hotspot/share/interpreter/linkResolver.cpp, line 773]
Event: 5.448 Thread 0x00000170c673d000 Exception <a 'java/lang/NoSuchMethodError'{0x000000008c08ce60}: 'java.lang.Object java.lang.invoke.Invokers$Holder.linkToTargetMethod(java.lang.Object, java.lang.Object, java.lang.Object, java.lang.Object, java.lang.Object, java.lang.Object, java.lang.Object, java.lang.Object, java.lang.Object, java.lang.Object, java.lang.Object)'> (0x000000008c08ce60) thrown at [./src/hotspot/share/interpreter/linkResolver.cpp, line 773]
Event: 5.560 Thread 0x00000170c673d000 Exception <a 'java/lang/NoSuchMethodError'{0x000000008bfcd4a0}: 'java.lang.Object java.lang.invoke.DirectMethodHandle$Holder.invokeSpecial(java.lang.Object, java.lang.Object, java.lang.Object, java.lang.Object, java.lang.Object, java.lang.Object, java.lang.Object, java.lang.Object, java.lang.Object, java.lang.Object, java.lang.Object, java.lang.Object, java.lang.Object, java.lang.Object)'> (0x000000008bfcd4a0) thrown at [./src/hotspot/share/interpreter/linkResolver.cpp, line 773]
Event: 5.561 Thread 0x00000170c673d000 Exception <a 'java/lang/NoSuchMethodError'{0x000000008bfdeb18}: 'java.lang.Object java.lang.invoke.Invokers$Holder.linkToTargetMethod(java.lang.Object, java.lang.Object, java.lang.Object, java.lang.Object, java.lang.Object, java.lang.Object, java.lang.Object, java.lang.Object, java.lang.Object, java.lang.Object, java.lang.Object, java.lang.Object)'> (0x000000008bfdeb18) thrown at [./src/hotspot/share/interpreter/linkResolver.cpp, line 773]
Event: 5.565 Thread 0x00000170c673d000 Exception <a 'java/lang/NoSuchMethodError'{0x000000008be70e38}: 'java.lang.Object java.lang.invoke.DirectMethodHandle$Holder.invokeStaticInit(java.lang.Object, java.lang.Object, java.lang.Object, java.lang.Object)'> (0x000000008be70e38) thrown at [./src/hotspot/share/interpreter/linkResolver.cpp, line 773]

Events (20 events):
Event: 5.972 loading class org/gradle/internal/resource/local/LocallyAvailableResourceFinderSearchableFileStoreAdapter
Event: 5.972 loading class org/gradle/internal/resource/local/LocallyAvailableResourceFinderSearchableFileStoreAdapter done
Event: 5.973 loading class org/gradle/internal/resource/local/AbstractLocallyAvailableResourceFinder
Event: 5.973 loading class org/gradle/internal/resource/local/AbstractLocallyAvailableResourceFinder done
Event: 5.973 loading class org/gradle/internal/resource/local/LocallyAvailableResourceCandidates
Event: 5.973 loading class org/gradle/internal/resource/local/LocallyAvailableResourceCandidates done
Event: 5.973 loading class org/gradle/internal/component/external/model/ModuleComponentArtifactMetadata
Event: 5.973 loading class org/gradle/internal/component/external/model/ModuleComponentArtifactMetadata done
Event: 5.973 loading class org/gradle/internal/component/external/model/ModuleComponentArtifactMetadata
Event: 5.973 loading class org/gradle/internal/component/external/model/ModuleComponentArtifactMetadata done
Event: 5.973 loading class org/gradle/internal/resource/local/ivy/LocallyAvailableResourceFinderFactory
Event: 5.973 loading class org/gradle/internal/resource/local/ivy/LocallyAvailableResourceFinderFactory done
Event: 5.973 loading class org/gradle/internal/resource/local/FileStoreSearcher
Event: 5.973 loading class org/gradle/internal/resource/local/FileStoreSearcher done
Event: 5.973 loading class org/gradle/internal/Factory
Event: 5.973 loading class org/gradle/internal/Factory done
Event: 5.973 loading class org/gradle/internal/resource/local/FileStoreSearcher
Event: 5.973 loading class org/gradle/internal/resource/local/FileStoreSearcher done
Event: 5.973 loading class org/gradle/api/internal/artifacts/repositories/resolver/IvyResourcePattern
Event: 5.973 loading class org/gradle/api/internal/artifacts/repositories/resolver/IvyResourcePattern done


Dynamic libraries:
0x00007ff6b7980000 - 0x00007ff6b798a000 	C:\Program Files\Android\Android Studio\jre\bin\java.exe
0x00007fff0e5f0000 - 0x00007fff0e7e5000 	C:\Windows\SYSTEM32\ntdll.dll
0x00007fff0d350000 - 0x00007fff0d40d000 	C:\Windows\System32\KERNEL32.DLL
0x00007fff0c0f0000 - 0x00007fff0c3bd000 	C:\Windows\System32\KERNELBASE.dll
0x00007fff0be60000 - 0x00007fff0bf60000 	C:\Windows\System32\ucrtbase.dll
0x00007ffef8fb0000 - 0x00007ffef8fc9000 	C:\Program Files\Android\Android Studio\jre\bin\jli.dll
0x00007ffef7320000 - 0x00007ffef7337000 	C:\Program Files\Android\Android Studio\jre\bin\VCRUNTIME140.dll
0x00007fff0d020000 - 0x00007fff0d1c0000 	C:\Windows\System32\USER32.dll
0x00007ffef6930000 - 0x00007ffef6bca000 	C:\Windows\WinSxS\amd64_microsoft.windows.common-controls_6595b64144ccf1df_6.0.19041.1110_none_60b5254171f9507e\COMCTL32.dll
0x00007fff0bf60000 - 0x00007fff0bf82000 	C:\Windows\System32\win32u.dll
0x00007fff0d1c0000 - 0x00007fff0d25e000 	C:\Windows\System32\msvcrt.dll
0x00007fff0c640000 - 0x00007fff0c66a000 	C:\Windows\System32\GDI32.dll
0x00007fff0c530000 - 0x00007fff0c63b000 	C:\Windows\System32\gdi32full.dll
0x00007fff0bd90000 - 0x00007fff0be2d000 	C:\Windows\System32\msvcp_win.dll
0x00007fff0cb60000 - 0x00007fff0cb90000 	C:\Windows\System32\IMM32.DLL
0x00007ffedba00000 - 0x00007ffedba9d000 	C:\Program Files\Android\Android Studio\jre\bin\msvcp140.dll
0x00007ffeb1550000 - 0x00007ffeb2025000 	C:\Program Files\Android\Android Studio\jre\bin\server\jvm.dll
0x00007fff0d920000 - 0x00007fff0d9ce000 	C:\Windows\System32\ADVAPI32.dll
0x00007fff0e450000 - 0x00007fff0e4ec000 	C:\Windows\System32\sechost.dll
0x00007fff0cb90000 - 0x00007fff0ccb5000 	C:\Windows\System32\RPCRT4.dll
0x00007fff0e5a0000 - 0x00007fff0e5a8000 	C:\Windows\System32\PSAPI.DLL
0x00007ffef6bd0000 - 0x00007ffef6bd9000 	C:\Windows\SYSTEM32\WSOCK32.dll
0x00007ffef8a10000 - 0x00007ffef8a37000 	C:\Windows\SYSTEM32\WINMM.dll
0x00007fff05bc0000 - 0x00007fff05bca000 	C:\Windows\SYSTEM32\VERSION.dll
0x00007fff0d2e0000 - 0x00007fff0d34b000 	C:\Windows\System32\WS2_32.dll
0x00007fff09c20000 - 0x00007fff09c32000 	C:\Windows\SYSTEM32\kernel.appcore.dll
0x00007fff054b0000 - 0x00007fff054c1000 	C:\Program Files\Android\Android Studio\jre\bin\verify.dll
0x00007ffef6e50000 - 0x00007ffef7034000 	C:\Windows\SYSTEM32\DBGHELP.DLL
0x00007ffef6be0000 - 0x00007ffef6c0c000 	C:\Windows\SYSTEM32\dbgcore.DLL
0x00007fff0bd00000 - 0x00007fff0bd82000 	C:\Windows\System32\bcryptPrimitives.dll
0x00007fff05250000 - 0x00007fff05279000 	C:\Program Files\Android\Android Studio\jre\bin\java.dll
0x00007fff07830000 - 0x00007fff0783b000 	C:\Program Files\Android\Android Studio\jre\bin\jimage.dll
0x00007ffef7990000 - 0x00007ffef79a8000 	C:\Program Files\Android\Android Studio\jre\bin\zip.dll
0x00007fff0d9d0000 - 0x00007fff0e114000 	C:\Windows\System32\SHELL32.dll
0x00007fff09e20000 - 0x00007fff0a5b4000 	C:\Windows\SYSTEM32\windows.storage.dll
0x00007fff0ccc0000 - 0x00007fff0d014000 	C:\Windows\System32\combase.dll
0x00007fff0b690000 - 0x00007fff0b6bc000 	C:\Windows\SYSTEM32\Wldp.dll
0x00007fff0c840000 - 0x00007fff0c8ed000 	C:\Windows\System32\SHCORE.dll
0x00007fff0c7d0000 - 0x00007fff0c825000 	C:\Windows\System32\shlwapi.dll
0x00007fff0bc40000 - 0x00007fff0bc5f000 	C:\Windows\SYSTEM32\profapi.dll
0x00007ffef7350000 - 0x00007ffef736a000 	C:\Program Files\Android\Android Studio\jre\bin\net.dll
0x00007fff05130000 - 0x00007fff0523a000 	C:\Windows\SYSTEM32\WINHTTP.dll
0x00007fff0b3f0000 - 0x00007fff0b45a000 	C:\Windows\system32\mswsock.dll
0x00007ffef6de0000 - 0x00007ffef6df4000 	C:\Program Files\Android\Android Studio\jre\bin\nio.dll
0x00007ffef2950000 - 0x00007ffef2977000 	C:\Users\smhrd\.gradle\native\e1d6ef7f7dcc3fd88c89a11ec53ec762bb8ba0a96d01ffa2cd45eb1d1d8dd5c5\windows-amd64\native-platform.dll
0x00007ffeda190000 - 0x00007ffeda2d4000 	C:\Users\smhrd\.gradle\native\5664cfc778a61ccfe75a443a1ab52a65af34e5dc3c78e0209fed803814484fcb\windows-amd64\native-platform-file-events.dll
0x00007fff06e00000 - 0x00007fff06e0a000 	C:\Program Files\Android\Android Studio\jre\bin\management.dll
0x00007fff05490000 - 0x00007fff0549d000 	C:\Program Files\Android\Android Studio\jre\bin\management_ext.dll
0x00007fff0b5e0000 - 0x00007fff0b5f8000 	C:\Windows\SYSTEM32\CRYPTSP.dll
0x00007fff0ad70000 - 0x00007fff0ada4000 	C:\Windows\system32\rsaenh.dll
0x00007fff0be30000 - 0x00007fff0be57000 	C:\Windows\System32\bcrypt.dll
0x00007fff0bbc0000 - 0x00007fff0bbee000 	C:\Windows\SYSTEM32\USERENV.dll
0x00007fff0b600000 - 0x00007fff0b60c000 	C:\Windows\SYSTEM32\CRYPTBASE.dll
0x00007fff0b0e0000 - 0x00007fff0b11b000 	C:\Windows\SYSTEM32\IPHLPAPI.DLL
0x00007fff0c670000 - 0x00007fff0c678000 	C:\Windows\System32\NSI.dll
0x00007fff05d10000 - 0x00007fff05d27000 	C:\Windows\SYSTEM32\dhcpcsvc6.DLL
0x00007fff05bd0000 - 0x00007fff05bed000 	C:\Windows\SYSTEM32\dhcpcsvc.DLL
0x00007fff0b120000 - 0x00007fff0b1eb000 	C:\Windows\SYSTEM32\DNSAPI.dll

dbghelp: loaded successfully - version: 4.0.5 - missing functions: none
symbol engine: initialized successfully - sym options: 0x614 - pdb path: .;C:\Program Files\Android\Android Studio\jre\bin;C:\Windows\SYSTEM32;C:\Windows\WinSxS\amd64_microsoft.windows.common-controls_6595b64144ccf1df_6.0.19041.1110_none_60b5254171f9507e;C:\Program Files\Android\Android Studio\jre\bin\server;C:\Users\smhrd\.gradle\native\e1d6ef7f7dcc3fd88c89a11ec53ec762bb8ba0a96d01ffa2cd45eb1d1d8dd5c5\windows-amd64;C:\Users\smhrd\.gradle\native\5664cfc778a61ccfe75a443a1ab52a65af34e5dc3c78e0209fed803814484fcb\windows-amd64

VM Arguments:
jvm_args: --add-opens=java.base/java.util=ALL-UNNAMED --add-opens=java.base/java.lang=ALL-UNNAMED --add-opens=java.base/java.lang.invoke=ALL-UNNAMED --add-opens=java.base/java.util=ALL-UNNAMED --add-opens=java.prefs/java.util.prefs=ALL-UNNAMED --add-opens=java.prefs/java.util.prefs=ALL-UNNAMED --add-opens=java.base/java.nio.charset=ALL-UNNAMED --add-opens=java.base/java.net=ALL-UNNAMED --add-opens=java.base/java.util.concurrent.atomic=ALL-UNNAMED -Xmx2048m -Dfile.encoding=UTF-8 -Duser.country=KR -Duser.language=ko -Duser.variant 
java_command: org.gradle.launcher.daemon.bootstrap.GradleDaemon 7.2
java_class_path (initial): C:\Users\smhrd\.gradle\wrapper\dists\gradle-7.2-bin\2dnblmf4td7x66yl1d74lt32g\gradle-7.2\lib\gradle-launcher-7.2.jar
Launcher Type: SUN_STANDARD

[Global flags]
     intx CICompilerCount                          = 4                                         {product} {ergonomic}
     uint ConcGCThreads                            = 2                                         {product} {ergonomic}
     uint G1ConcRefinementThreads                  = 8                                         {product} {ergonomic}
   size_t G1HeapRegionSize                         = 1048576                                   {product} {ergonomic}
    uintx GCDrainStackTargetSize                   = 64                                        {product} {ergonomic}
   size_t InitialHeapSize                          = 266338304                                 {product} {ergonomic}
   size_t MarkStackSize                            = 4194304                                   {product} {ergonomic}
   size_t MaxHeapSize                              = 2147483648                                {product} {command line}
   size_t MaxNewSize                               = 1287651328                                {product} {ergonomic}
   size_t MinHeapDeltaBytes                        = 1048576                                   {product} {ergonomic}
    uintx NonNMethodCodeHeapSize                   = 5836300                                {pd product} {ergonomic}
    uintx NonProfiledCodeHeapSize                  = 122910970                              {pd product} {ergonomic}
    uintx ProfiledCodeHeapSize                     = 122910970                              {pd product} {ergonomic}
    uintx ReservedCodeCacheSize                    = 251658240                              {pd product} {ergonomic}
     bool SegmentedCodeCache                       = true                                      {product} {ergonomic}
     bool UseCompressedClassPointers               = true                                 {lp64_product} {ergonomic}
     bool UseCompressedOops                        = true                                 {lp64_product} {ergonomic}
     bool UseG1GC                                  = true                                      {product} {ergonomic}
     bool UseLargePagesIndividualAllocation        = false                                  {pd product} {ergonomic}

Logging:
Log output configuration:
 #0: stdout all=warning uptime,level,tags
 #1: stderr all=off uptime,level,tags

Environment Variables:
PATH=C:\Program Files (x86)\Common Files\Intel\Shared Libraries\redist\intel64\compiler;C:\Program Files\Common Files\Oracle\Java\javapath;C:\oraclexe\app\oracle\product\11.2.0\server\bin;C:\Windows\system32;C:\Windows;C:\Windows\System32\Wbem;C:\Windows\System32\WindowsPowerShell\v1.0\;C:\Windows\System32\OpenSSH\;C:\Program Files\Bandizip\;C:\Program Files\Git\cmd;C:\Program Files\Graphviz\bin\dot.exe;C:\Users\smhrd\AppData\Local\Microsoft\WindowsApps;C:\Users\smhrd\AppData\Local\Programs\Microsoft VS Code\bin;C:\Program Files\Graphviz\bin;
USERNAME=smhrd
OS=Windows_NT
PROCESSOR_IDENTIFIER=Intel64 Family 6 Model 158 Stepping 13, GenuineIntel



---------------  S Y S T E M  ---------------

OS: Windows 10 , 64 bit Build 19041 (10.0.19041.1706)
OS uptime: 22 days 6:56 hours

CPU:total 8 (initial active 8) (8 cores per cpu, 1 threads per core) family 6 model 158 stepping 13 microcode 0xb8, cmov, cx8, fxsr, mmx, sse, sse2, sse3, ssse3, sse4.1, sse4.2, popcnt, avx, avx2, aes, clmul, erms, rtm, 3dnowpref, lzcnt, tsc, tscinvbit, bmi1, bmi2, adx, fma

Memory: 4k page, system-wide physical 16247M (2262M free)
TotalPageFile size 53665M (AvailPageFile size 2M)
current process WorkingSet (physical memory assigned to process): 197M, peak: 209M
current process commit charge ("private bytes"): 400M, peak: 417M

vm_info: OpenJDK 64-Bit Server VM (11.0.11+9-b60-7590822) for windows-amd64 JRE (11.0.11+9-b60-7590822), built on Jul 29 2021 21:43:44 by "builder" with MS VC++ 14.0 (VS2015)

END.
